#
# A fatal error has been detected by the Java Runtime Environment:
#
#  EXCEPTION_ACCESS_VIOLATION (0xc0000005) at pc=0x000000006d3efc70, pid=13148, tid=6236
#
# JRE version: Java(TM) SE Runtime Environment (8.0_05-b13) (build 1.8.0_05-b13)
# Java VM: Java HotSpot(TM) 64-Bit Server VM (25.5-b02 mixed mode windows-amd64 compressed oops)
# Problematic frame:
# C  [nvoglv64.DLL+0xf9fc70]
#
# Failed to write core dump. Minidumps are not enabled by default on client versions of Windows
#
# If you would like to submit a bug report, please visit:
#   http://bugreport.sun.com/bugreport/crash.jsp
# The crash happened outside the Java Virtual Machine in native code.
# See problematic frame for where to report the bug.
#

---------------  T H R E A D  ---------------

Current thread (0x00000000026c2800):  JavaThread "main" [_thread_in_native, id=6236, stack(0x0000000002590000,0x0000000002690000)]

siginfo: ExceptionCode=0xc0000005, reading address 0x0000000000000000

Registers:
RAX=0x0000000000000060, RBX=0x000000001f5c3aa8, RCX=0x00000000212cd688, RDX=0xffffffffded32978
RSP=0x000000000268f4b8, RBP=0x0000000000000001, RSI=0x0000000000000006, RDI=0x00000000212cd688
R8 =0x0000000000000060, R9 =0x0000000000000006, R10=0x0000000000000000, R11=0x00000000212cd688
R12=0x0000000000000000, R13=0x000000006c450000, R14=0x0000000000000000, R15=0x000000001f5c3828
RIP=0x000000006d3efc70, EFLAGS=0x0000000000010283

Top of Stack: (sp=0x000000000268f4b8)
0x000000000268f4b8:   000000006cf53b6a 000000001bdc5d00
0x000000000268f4c8:   000000000268f628 0000000000db8630
0x000000000268f4d8:   000000006cdf279b 00000000026c2800
0x000000000268f4e8:   0000000000000006 0000000000000000
0x000000000268f4f8:   000000000003810b 000000001f5c3828
0x000000000268f508:   000000006cf54952 000000001f5c3080
0x000000000268f518:   0000000000000004 0000000000000000
0x000000000268f528:   00000000027d5040 00000000026c2800
0x000000000268f538:   000000000268f628 000000001bdc5d00
0x000000000268f548:   0000000000000000 00000000027c7380
0x000000000268f558:   00000000027d51ae 000000001bdc5d00
0x000000000268f568:   000000000268f5e8 0000000000200021
0x000000000268f578:   00000000027d4f25 0000000000000006
0x000000000268f588:   000000006cea9100 0000000000200021
0x000000000268f598:   00000000026c2800 00000000027d4edc
0x000000000268f5a8:   000000000268f5a8 000000001bdc5d00 

Instructions: (pc=0x000000006d3efc70)
0x000000006d3efc50:   29 41 c0 0f 29 49 d0 0f 10 44 0a e0 0f 10 4c 0a
0x000000006d3efc60:   f0 75 ad 0f 29 41 e0 49 83 e0 7f 0f 28 c1 eb 0c
0x000000006d3efc70:   0f 10 04 0a 48 83 c1 10 49 83 e8 10 4d 8b c8 49
0x000000006d3efc80:   c1 e9 04 74 1c 66 66 66 0f 1f 84 00 00 00 00 00 


Register to memory mapping:

RAX=0x0000000000000060 is an unknown value
RBX=0x000000001f5c3aa8 is an unknown value
RCX=0x00000000212cd688 is an unknown value
RDX=0xffffffffded32978 is an unknown value
RSP=0x000000000268f4b8 is pointing into the stack for thread: 0x00000000026c2800
RBP=0x0000000000000001 is an unknown value
RSI=0x0000000000000006 is an unknown value
RDI=0x00000000212cd688 is an unknown value
R8 =0x0000000000000060 is an unknown value
R9 =0x0000000000000006 is an unknown value
R10=0x0000000000000000 is an unknown value
R11=0x00000000212cd688 is an unknown value
R12=0x0000000000000000 is an unknown value
R13=0x000000006c450000 is an unknown value
R14=0x0000000000000000 is an unknown value
R15=0x000000001f5c3828 is an unknown value


Stack: [0x0000000002590000,0x0000000002690000],  sp=0x000000000268f4b8,  free space=1021k
Native frames: (J=compiled Java code, j=interpreted, Vv=VM code, C=native code)
C  [nvoglv64.DLL+0xf9fc70]
C  [nvoglv64.DLL+0xb03b6a]
C  [nvoglv64.DLL+0xb04952]
C  0x00000000027d51ae

Java frames: (J=compiled Java code, j=interpreted, Vv=VM code)
j  org.lwjgl.opengl.GL11.nglDrawArrays(IIIJ)V+0
j  org.lwjgl.opengl.GL11.glDrawArrays(III)V+20
j  main.Render.render(Lmain/RawModel;)V+14
j  EngineTester.MainGameLoop.main([Ljava/lang/String;)V+140
v  ~StubRoutines::call_stub

---------------  P R O C E S S  ---------------

Java Threads: ( => current thread )
  0x000000001e39c000 JavaThread "Service Thread" daemon [_thread_blocked, id=16104, stack(0x000000001ece0000,0x000000001ede0000)]
  0x000000001e310000 JavaThread "C1 CompilerThread3" daemon [_thread_blocked, id=22836, stack(0x000000001ebe0000,0x000000001ece0000)]
  0x000000001e30d000 JavaThread "C2 CompilerThread2" daemon [_thread_blocked, id=20980, stack(0x000000001eae0000,0x000000001ebe0000)]
  0x000000001e309000 JavaThread "C2 CompilerThread1" daemon [_thread_blocked, id=10528, stack(0x000000001e9e0000,0x000000001eae0000)]
  0x000000001e306000 JavaThread "C2 CompilerThread0" daemon [_thread_blocked, id=21656, stack(0x000000001e8e0000,0x000000001e9e0000)]
  0x000000001e304000 JavaThread "Attach Listener" daemon [_thread_blocked, id=2648, stack(0x000000001e7e0000,0x000000001e8e0000)]
  0x000000001e303800 JavaThread "Signal Dispatcher" daemon [_thread_blocked, id=11900, stack(0x000000001e6e0000,0x000000001e7e0000)]
  0x00000000027b7800 JavaThread "Finalizer" daemon [_thread_blocked, id=21488, stack(0x000000001e1e0000,0x000000001e2e0000)]
  0x000000001c2fc800 JavaThread "Reference Handler" daemon [_thread_blocked, id=23416, stack(0x000000001e0e0000,0x000000001e1e0000)]
=>0x00000000026c2800 JavaThread "main" [_thread_in_native, id=6236, stack(0x0000000002590000,0x0000000002690000)]

Other Threads:
  0x000000001c2f8800 VMThread [stack: 0x000000001dfe0000,0x000000001e0e0000] [id=19092]
  0x000000001e39d800 WatcherThread [stack: 0x000000001ede0000,0x000000001eee0000] [id=6940]

VM state:not at safepoint (normal execution)

VM Mutex/Monitor currently owned by a thread: None

Heap:
 PSYoungGen      total 2560K, used 1389K [0x000000076ac00000, 0x000000076af00000, 0x00000007c0000000)
  eden space 2048K, 43% used [0x000000076ac00000,0x000000076acdf480,0x000000076ae00000)
  from space 512K, 96% used [0x000000076ae80000,0x000000076aefc010,0x000000076af00000)
  to   space 512K, 0% used [0x000000076ae00000,0x000000076ae00000,0x000000076ae80000)
 ParOldGen       total 260608K, used 719K [0x00000006c0400000, 0x00000006d0280000, 0x000000076ac00000)
  object space 260608K, 0% used [0x00000006c0400000,0x00000006c04b3d10,0x00000006d0280000)
 Metaspace       used 4354K, capacity 5627K, committed 5888K, reserved 1056768K
  class space    used 404K, capacity 456K, committed 512K, reserved 1048576K

Card table byte_map: [0x0000000011b80000,0x0000000012380000] byte_map_base: 0x000000000e57e000

Marking Bits: (ParMarkBitMap*) 0x000000006f1013b0
 Begin Bits: [0x00000000130e0000, 0x00000000170d0000)
 End Bits:   [0x00000000170d0000, 0x000000001b0c0000)

Polling page: 0x0000000000d60000

CodeCache: size=245760Kb used=1569Kb max_used=1573Kb free=244190Kb
 bounds [0x00000000027c0000, 0x0000000002a30000, 0x00000000117c0000]
 total_blobs=593 nmethods=240 adapters=267
 compilation: enabled

Compilation events (10 events):
Event: 1.212 Thread 0x000000001e310000 nmethod 235 0x0000000002943490 code [0x00000000029435e0, 0x0000000002943770]
Event: 1.212 Thread 0x000000001e310000  236       3       java.util.WeakHashMap::hash (28 bytes)
Event: 1.212 Thread 0x000000001e310000 nmethod 236 0x0000000002943010 code [0x0000000002943180, 0x00000000029433c8]
Event: 1.213 Thread 0x000000001e309000 nmethod 232 0x00000000029470d0 code [0x0000000002947220, 0x0000000002947498]
Event: 1.283 Thread 0x000000001e310000  237       1       java.lang.CharacterDataLatin1::getProperties (11 bytes)
Event: 1.283 Thread 0x000000001e310000 nmethod 237 0x0000000002942c90 code [0x0000000002942de0, 0x0000000002942f30]
Event: 1.283 Thread 0x000000001e310000  238       3       java.util.concurrent.ConcurrentHashMap::addCount (292 bytes)
Event: 1.284 Thread 0x000000001e310000 nmethod 238 0x0000000002941b90 code [0x0000000002941da0, 0x00000000029428a8]
Event: 1.284 Thread 0x000000001e306000  239       4       java.lang.String::startsWith (72 bytes)
Event: 1.286 Thread 0x000000001e306000 nmethod 239 0x0000000002946350 code [0x00000000029464a0, 0x00000000029465b8]

GC Heap History (8 events):
Event: 0.058 GC heap before
{Heap before GC invocations=1 (full 0):
 PSYoungGen      total 1024K, used 512K [0x000000076ac00000, 0x000000076ad80000, 0x00000007c0000000)
  eden space 512K, 100% used [0x000000076ac00000,0x000000076ac80000,0x000000076ac80000)
  from space 512K, 0% used [0x000000076ad00000,0x000000076ad00000,0x000000076ad80000)
  to   space 512K, 0% used [0x000000076ac80000,0x000000076ac80000,0x000000076ad00000)
 ParOldGen       total 260608K, used 0K [0x00000006c0400000, 0x00000006d0280000, 0x000000076ac00000)
  object space 260608K, 0% used [0x00000006c0400000,0x00000006c0400000,0x00000006d0280000)
 Metaspace       used 2515K, capacity 4480K, committed 4480K, reserved 1056768K
  class space    used 273K, capacity 384K, committed 384K, reserved 1048576K
Event: 0.059 GC heap after
Heap after GC invocations=1 (full 0):
 PSYoungGen      total 1024K, used 496K [0x000000076ac00000, 0x000000076ae00000, 0x00000007c0000000)
  eden space 512K, 0% used [0x000000076ac00000,0x000000076ac00000,0x000000076ac80000)
  from space 512K, 96% used [0x000000076ac80000,0x000000076acfc010,0x000000076ad00000)
  to   space 512K, 0% used [0x000000076ad80000,0x000000076ad80000,0x000000076ae00000)
 ParOldGen       total 260608K, used 16K [0x00000006c0400000, 0x00000006d0280000, 0x000000076ac00000)
  object space 260608K, 0% used [0x00000006c0400000,0x00000006c0404000,0x00000006d0280000)
 Metaspace       used 2515K, capacity 4480K, committed 4480K, reserved 1056768K
  class space    used 273K, capacity 384K, committed 384K, reserved 1048576K
}
Event: 0.077 GC heap before
{Heap before GC invocations=2 (full 0):
 PSYoungGen      total 1024K, used 1005K [0x000000076ac00000, 0x000000076ae00000, 0x00000007c0000000)
  eden space 512K, 99% used [0x000000076ac00000,0x000000076ac7f7c0,0x000000076ac80000)
  from space 512K, 96% used [0x000000076ac80000,0x000000076acfc010,0x000000076ad00000)
  to   space 512K, 0% used [0x000000076ad80000,0x000000076ad80000,0x000000076ae00000)
 ParOldGen       total 260608K, used 16K [0x00000006c0400000, 0x00000006d0280000, 0x000000076ac00000)
  object space 260608K, 0% used [0x00000006c0400000,0x00000006c0404000,0x00000006d0280000)
 Metaspace       used 2958K, capacity 4664K, committed 4864K, reserved 1056768K
  class space    used 319K, capacity 424K, committed 512K, reserved 1048576K
Event: 0.078 GC heap after
Heap after GC invocations=2 (full 0):
 PSYoungGen      total 1536K, used 512K [0x000000076ac00000, 0x000000076ae00000, 0x00000007c0000000)
  eden space 1024K, 0% used [0x000000076ac00000,0x000000076ac00000,0x000000076ad00000)
  from space 512K, 100% used [0x000000076ad80000,0x000000076ae00000,0x000000076ae00000)
  to   space 512K, 0% used [0x000000076ad00000,0x000000076ad00000,0x000000076ad80000)
 ParOldGen       total 260608K, used 136K [0x00000006c0400000, 0x00000006d0280000, 0x000000076ac00000)
  object space 260608K, 0% used [0x00000006c0400000,0x00000006c0422110,0x00000006d0280000)
 Metaspace       used 2958K, capacity 4664K, committed 4864K, reserved 1056768K
  class space    used 319K, capacity 424K, committed 512K, reserved 1048576K
}
Event: 1.121 GC heap before
{Heap before GC invocations=3 (full 0):
 PSYoungGen      total 1536K, used 1495K [0x000000076ac00000, 0x000000076ae00000, 0x00000007c0000000)
  eden space 1024K, 96% used [0x000000076ac00000,0x000000076acf5d10,0x000000076ad00000)
  from space 512K, 100% used [0x000000076ad80000,0x000000076ae00000,0x000000076ae00000)
  to   space 512K, 0% used [0x000000076ad00000,0x000000076ad00000,0x000000076ad80000)
 ParOldGen       total 260608K, used 136K [0x00000006c0400000, 0x00000006d0280000, 0x000000076ac00000)
  object space 260608K, 0% used [0x00000006c0400000,0x00000006c0422110,0x00000006d0280000)
 Metaspace       used 3489K, capacity 4856K, committed 5120K, reserved 1056768K
  class space    used 381K, capacity 424K, committed 512K, reserved 1048576K
Event: 1.122 GC heap after
Heap after GC invocations=3 (full 0):
 PSYoungGen      total 1536K, used 480K [0x000000076ac00000, 0x000000076af00000, 0x00000007c0000000)
  eden space 1024K, 0% used [0x000000076ac00000,0x000000076ac00000,0x000000076ad00000)
  from space 512K, 93% used [0x000000076ad00000,0x000000076ad78020,0x000000076ad80000)
  to   space 512K, 0% used [0x000000076ae80000,0x000000076ae80000,0x000000076af00000)
 ParOldGen       total 260608K, used 548K [0x00000006c0400000, 0x00000006d0280000, 0x000000076ac00000)
  object space 260608K, 0% used [0x00000006c0400000,0x00000006c04892d0,0x00000006d0280000)
 Metaspace       used 3489K, capacity 4856K, committed 5120K, reserved 1056768K
  class space    used 381K, capacity 424K, committed 512K, reserved 1048576K
}
Event: 1.159 GC heap before
{Heap before GC invocations=4 (full 0):
 PSYoungGen      total 1536K, used 1504K [0x000000076ac00000, 0x000000076af00000, 0x00000007c0000000)
  eden space 1024K, 100% used [0x000000076ac00000,0x000000076ad00000,0x000000076ad00000)
  from space 512K, 93% used [0x000000076ad00000,0x000000076ad78020,0x000000076ad80000)
  to   space 512K, 0% used [0x000000076ae80000,0x000000076ae80000,0x000000076af00000)
 ParOldGen       total 260608K, used 548K [0x00000006c0400000, 0x00000006d0280000, 0x000000076ac00000)
  object space 260608K, 0% used [0x00000006c0400000,0x00000006c04892d0,0x00000006d0280000)
 Metaspace       used 4126K, capacity 5499K, committed 5632K, reserved 1056768K
  class space    used 391K, capacity 456K, committed 512K, reserved 1048576K
Event: 1.160 GC heap after
Heap after GC invocations=4 (full 0):
 PSYoungGen      total 2560K, used 496K [0x000000076ac00000, 0x000000076af00000, 0x00000007c0000000)
  eden space 2048K, 0% used [0x000000076ac00000,0x000000076ac00000,0x000000076ae00000)
  from space 512K, 96% used [0x000000076ae80000,0x000000076aefc010,0x000000076af00000)
  to   space 512K, 0% used [0x000000076ae00000,0x000000076ae00000,0x000000076ae80000)
 ParOldGen       total 260608K, used 719K [0x00000006c0400000, 0x00000006d0280000, 0x000000076ac00000)
  object space 260608K, 0% used [0x00000006c0400000,0x00000006c04b3d10,0x00000006d0280000)
 Metaspace       used 4126K, capacity 5499K, committed 5632K, reserved 1056768K
  class space    used 391K, capacity 456K, committed 512K, reserved 1048576K
}

Deoptimization events (0 events):
No events

Internal exceptions (10 events):
Event: 1.205 Thread 0x00000000026c2800 Exception <a 'java/security/PrivilegedActionException'> (0x000000076ac957c8) thrown at [D:\re\workspace\8-2-build-windows-amd64-cygwin\jdk8u5\2488\hotspot\src\share\vm\prims\jvm.cpp, line 1248]
Event: 1.211 Thread 0x00000000026c2800 Exception <a 'java/security/PrivilegedActionException'> (0x000000076aca40f0) thrown at [D:\re\workspace\8-2-build-windows-amd64-cygwin\jdk8u5\2488\hotspot\src\share\vm\prims\jvm.cpp, line 1248]
Event: 1.282 Thread 0x00000000026c2800 Exception <a 'java/security/PrivilegedActionException'> (0x000000076aca7180) thrown at [D:\re\workspace\8-2-build-windows-amd64-cygwin\jdk8u5\2488\hotspot\src\share\vm\prims\jvm.cpp, line 1248]
Event: 1.283 Thread 0x00000000026c2800 Exception <a 'java/security/PrivilegedActionException'> (0x000000076acac530) thrown at [D:\re\workspace\8-2-build-windows-amd64-cygwin\jdk8u5\2488\hotspot\src\share\vm\prims\jvm.cpp, line 1248]
Event: 1.284 Thread 0x00000000026c2800 Exception <a 'java/security/PrivilegedActionException'> (0x000000076acae8a0) thrown at [D:\re\workspace\8-2-build-windows-amd64-cygwin\jdk8u5\2488\hotspot\src\share\vm\prims\jvm.cpp, line 1248]
Event: 1.284 Thread 0x00000000026c2800 Exception <a 'java/security/PrivilegedActionException'> (0x000000076acb0678) thrown at [D:\re\workspace\8-2-build-windows-amd64-cygwin\jdk8u5\2488\hotspot\src\share\vm\prims\jvm.cpp, line 1248]
Event: 1.285 Thread 0x00000000026c2800 Exception <a 'java/security/PrivilegedActionException'> (0x000000076acb2928) thrown at [D:\re\workspace\8-2-build-windows-amd64-cygwin\jdk8u5\2488\hotspot\src\share\vm\prims\jvm.cpp, line 1248]
Event: 1.286 Thread 0x00000000026c2800 Exception <a 'java/security/PrivilegedActionException'> (0x000000076acbd3e0) thrown at [D:\re\workspace\8-2-build-windows-amd64-cygwin\jdk8u5\2488\hotspot\src\share\vm\prims\jvm.cpp, line 1248]
Event: 1.288 Thread 0x00000000026c2800 Exception <a 'java/security/PrivilegedActionException'> (0x000000076acc1b10) thrown at [D:\re\workspace\8-2-build-windows-amd64-cygwin\jdk8u5\2488\hotspot\src\share\vm\prims\jvm.cpp, line 1248]
Event: 1.289 Thread 0x00000000026c2800 Exception <a 'java/security/PrivilegedActionException'> (0x000000076acd9668) thrown at [D:\re\workspace\8-2-build-windows-amd64-cygwin\jdk8u5\2488\hotspot\src\share\vm\prims\jvm.cpp, line 1248]

Events (10 events):
Event: 1.284 loading class org/lwjgl/opengl/StateTracker$VAOState
Event: 1.284 loading class org/lwjgl/opengl/StateTracker$VAOState done
Event: 1.285 loading class org/lwjgl/opengl/GL15
Event: 1.285 loading class org/lwjgl/opengl/GL15 done
Event: 1.286 loading class org/lwjgl/opengl/GL20
Event: 1.286 loading class org/lwjgl/opengl/GL20 done
Event: 1.288 loading class org/lwjgl/opengl/GLChecks
Event: 1.288 loading class org/lwjgl/opengl/GLChecks done
Event: 1.289 loading class main/RawModel
Event: 1.289 loading class main/RawModel done


Dynamic libraries:
0x00007ff7ee8c0000 - 0x00007ff7ee8f4000 	C:\Program Files\Java\jdk1.8.0_05\bin\java.exe
0x00007ffee11d0000 - 0x00007ffee13ab000 	C:\WINDOWS\SYSTEM32\ntdll.dll
0x00007ffede710000 - 0x00007ffede7be000 	C:\WINDOWS\System32\KERNEL32.DLL
0x00007ffeddb50000 - 0x00007ffeddd99000 	C:\WINDOWS\System32\KERNELBASE.dll
0x00007ffee0e40000 - 0x00007ffee0ee1000 	C:\WINDOWS\System32\ADVAPI32.dll
0x00007ffedf2d0000 - 0x00007ffedf36d000 	C:\WINDOWS\System32\msvcrt.dll
0x00007ffeded70000 - 0x00007ffededc9000 	C:\WINDOWS\System32\sechost.dll
0x00007ffedeff0000 - 0x00007ffedf115000 	C:\WINDOWS\System32\RPCRT4.dll
0x00007ffee1080000 - 0x00007ffee11ca000 	C:\WINDOWS\System32\USER32.dll
0x00007ffeddb30000 - 0x00007ffeddb4e000 	C:\WINDOWS\System32\win32u.dll
0x00007ffede7c0000 - 0x00007ffede7e7000 	C:\WINDOWS\System32\GDI32.dll
0x00007ffedd9a0000 - 0x00007ffeddb28000 	C:\WINDOWS\System32\gdi32full.dll
0x00007ffeddda0000 - 0x00007ffedde3a000 	C:\WINDOWS\System32\msvcp_win.dll
0x00007ffeddea0000 - 0x00007ffeddf96000 	C:\WINDOWS\System32\ucrtbase.dll
0x00007ffecf310000 - 0x00007ffecf577000 	C:\WINDOWS\WinSxS\amd64_microsoft.windows.common-controls_6595b64144ccf1df_6.0.15063.0_none_108e4f62dfe5d999\COMCTL32.dll
0x00007ffede900000 - 0x00007ffedebf9000 	C:\WINDOWS\System32\combase.dll
0x00007ffeddfa0000 - 0x00007ffede00a000 	C:\WINDOWS\System32\bcryptPrimitives.dll
0x00007ffee0f60000 - 0x00007ffee0f8d000 	C:\WINDOWS\System32\IMM32.DLL
0x000000006f470000 - 0x000000006f542000 	C:\Program Files\Java\jdk1.8.0_05\jre\bin\msvcr100.dll
0x000000006e950000 - 0x000000006f17a000 	C:\Program Files\Java\jdk1.8.0_05\jre\bin\server\jvm.dll
0x00007ffede8f0000 - 0x00007ffede8f8000 	C:\WINDOWS\System32\PSAPI.DLL
0x00007ffed6030000 - 0x00007ffed6039000 	C:\WINDOWS\SYSTEM32\WSOCK32.dll
0x00007ffed6c10000 - 0x00007ffed6c33000 	C:\WINDOWS\SYSTEM32\WINMM.dll
0x00007ffee0ff0000 - 0x00007ffee105c000 	C:\WINDOWS\System32\WS2_32.dll
0x00007ffed6be0000 - 0x00007ffed6c0b000 	C:\WINDOWS\SYSTEM32\winmmbase.dll
0x00007ffedd780000 - 0x00007ffedd7c9000 	C:\WINDOWS\System32\cfgmgr32.dll
0x0000000071220000 - 0x000000007122f000 	C:\Program Files\Java\jdk1.8.0_05\jre\bin\verify.dll
0x00000000711f0000 - 0x0000000071218000 	C:\Program Files\Java\jdk1.8.0_05\jre\bin\java.dll
0x000000006e930000 - 0x000000006e946000 	C:\Program Files\Java\jdk1.8.0_05\jre\bin\zip.dll
0x00007ffedf540000 - 0x00007ffee0977000 	C:\WINDOWS\System32\SHELL32.dll
0x00007ffededd0000 - 0x00007ffedee7a000 	C:\WINDOWS\System32\shcore.dll
0x00007ffede010000 - 0x00007ffede702000 	C:\WINDOWS\System32\windows.storage.dll
0x00007ffee0ef0000 - 0x00007ffee0f41000 	C:\WINDOWS\System32\shlwapi.dll
0x00007ffedd6b0000 - 0x00007ffedd6c1000 	C:\WINDOWS\System32\kernel.appcore.dll
0x00007ffedd620000 - 0x00007ffedd66c000 	C:\WINDOWS\System32\powrprof.dll
0x00007ffedd690000 - 0x00007ffedd6a5000 	C:\WINDOWS\System32\profapi.dll
0x0000000180000000 - 0x0000000180053000 	C:\Users\PC\Documents\NetBeansProjects\CompGraficaI\Jogo\lwjgl64.dll
0x00007ffed9e10000 - 0x00007ffed9e1a000 	C:\WINDOWS\SYSTEM32\VERSION.dll
0x00007ffec3410000 - 0x00007ffec3531000 	C:\WINDOWS\SYSTEM32\OPENGL32.dll
0x00007ffecc760000 - 0x00007ffecc78c000 	C:\WINDOWS\SYSTEM32\GLU32.dll
0x00007ffedc0f0000 - 0x00007ffedc185000 	C:\WINDOWS\system32\uxtheme.dll
0x00007ffedee80000 - 0x00007ffedefe6000 	C:\WINDOWS\System32\MSCTF.dll
0x00007ffedf370000 - 0x00007ffedf430000 	C:\WINDOWS\System32\OLEAUT32.dll
0x00007ffec90e0000 - 0x00007ffec9181000 	C:\Program Files\Common Files\microsoft shared\ink\tiptsf.dll
0x00007ffedbb00000 - 0x00007ffedbb2a000 	C:\WINDOWS\system32\dwmapi.dll
0x000000006c450000 - 0x000000006e64b000 	C:\WINDOWS\SYSTEM32\nvoglv64.DLL
0x00007ffee0a00000 - 0x00007ffee0e3b000 	C:\WINDOWS\System32\SETUPAPI.dll
0x00007ffeda760000 - 0x00007ffeda773000 	C:\WINDOWS\SYSTEM32\WTSAPI32.dll
0x00007ffedc190000 - 0x00007ffedc1b8000 	C:\WINDOWS\SYSTEM32\DEVOBJ.dll
0x00007ffedde40000 - 0x00007ffedde96000 	C:\WINDOWS\System32\WINTRUST.dll
0x00007ffedd670000 - 0x00007ffedd681000 	C:\WINDOWS\System32\MSASN1.dll
0x00007ffedd7d0000 - 0x00007ffedd999000 	C:\WINDOWS\System32\CRYPT32.dll
0x00007ffedc920000 - 0x00007ffedc951000 	C:\WINDOWS\SYSTEM32\ntmarta.dll
0x00007ffecd6c0000 - 0x00007ffecd895000 	C:\WINDOWS\system32\nvspcap64.dll
0x00007ffedec20000 - 0x00007ffeded65000 	C:\WINDOWS\System32\ole32.dll
0x00007ffed8b70000 - 0x00007ffed8c47000 	C:\WINDOWS\SYSTEM32\WINHTTP.dll
0x00007ffecd8a0000 - 0x00007ffecdcc9000 	C:\WINDOWS\system32\nvapi64.dll
0x00007ffedc490000 - 0x00007ffedc534000 	C:\WINDOWS\SYSTEM32\dxgi.dll
0x00007ffed40d0000 - 0x00007ffed4152000 	C:\WINDOWS\System32\TextInputFramework.dll
0x00007ffec9840000 - 0x00007ffec9b12000 	C:\WINDOWS\System32\CoreUIComponents.dll
0x00007ffedaf50000 - 0x00007ffedb033000 	C:\WINDOWS\System32\CoreMessaging.dll
0x00007ffed95c0000 - 0x00007ffed96f9000 	C:\WINDOWS\SYSTEM32\wintypes.dll
0x00007ffed97e0000 - 0x00007ffed97f5000 	C:\WINDOWS\SYSTEM32\usermgrcli.dll
0x00007ffed44e0000 - 0x00007ffed4573000 	C:\WINDOWS\SYSTEM32\mscms.dll
0x00007ffedd520000 - 0x00007ffedd549000 	C:\WINDOWS\SYSTEM32\USERENV.dll
0x00007ffec4f20000 - 0x00007ffec4f61000 	C:\WINDOWS\SYSTEM32\icm32.dll
0x00007ffede7f0000 - 0x00007ffede88e000 	C:\WINDOWS\System32\clbcatq.dll
0x00007ffec6de0000 - 0x00007ffec6fa5000 	C:\Windows\System32\uiautomationcore.dll
0x00007ffedd480000 - 0x00007ffedd51a000 	C:\WINDOWS\SYSTEM32\sxs.dll
0x00007ffeccce0000 - 0x00007ffeccd4b000 	C:\Windows\System32\OLEACC.dll
0x00007ffedd0d0000 - 0x00007ffedd125000 	C:\WINDOWS\SYSTEM32\WINSTA.dll
0x00007ffed8dc0000 - 0x00007ffed8f69000 	C:\WINDOWS\SYSTEM32\dbghelp.dll

VM Arguments:
jvm_args: -Dfile.encoding=UTF-8 
java_command: EngineTester.MainGameLoop
java_class_path (initial): C:\Users\PC\Documents\NetBeansProjects\CompGraficaI\Jogo\Libs\lwjgl.jar;C:\Users\PC\Documents\NetBeansProjects\CompGraficaI\Jogo\Libs\lwjgl_util.jar;C:\Users\PC\Documents\NetBeansProjects\CompGraficaI\Jogo\Libs\slick-util.jar;C:\Users\PC\Documents\NetBeansProjects\CompGraficaI\Jogo\build\classes
Launcher Type: SUN_STANDARD

Environment Variables:
JAVA_HOME=C:\Program Files\Java\jdk1.8.0_05
CLASSPATH=.;C:\Program Files\Java\jdk1.8.0_05\lib\tools.jar
PATH=
[error occurred during error reporting (printing environment variables), id 0xc0000005]



---------------  S Y S T E M  ---------------

OS: Windows 8.1 , 64 bit Build 9600 

CPU:total 8 (4 cores per cpu, 2 threads per core) family 6 model 42 stepping 7, cmov, cx8, fxsr, mmx, sse, sse2, sse3, ssse3, sse4.1, sse4.2, popcnt, avx, aes, clmul, ht, tsc, tscinvbit

Memory: 4k page, physical 16759924k(9782392k free), swap 33537140k(22583860k free)

vm_info: Java HotSpot(TM) 64-Bit Server VM (25.5-b02) for windows-amd64 JRE (1.8.0_05-b13), built on Mar 18 2014 01:08:39 by "java_re" with MS VC++ 10.0 (VS2010)

time: Sun Jun 25 02:22:50 2017
elapsed time: 1 seconds

