#
# A fatal error has been detected by the Java Runtime Environment:
#
#  EXCEPTION_ACCESS_VIOLATION (0xc0000005) at pc=0x000000006d3efc70, pid=12496, tid=3024
#
# JRE version: Java(TM) SE Runtime Environment (8.0_05-b13) (build 1.8.0_05-b13)
# Java VM: Java HotSpot(TM) 64-Bit Server VM (25.5-b02 mixed mode windows-amd64 compressed oops)
# Problematic frame:
# C  [nvoglv64.DLL+0xf9fc70]
#
# Failed to write core dump. Minidumps are not enabled by default on client versions of Windows
#
# If you would like to submit a bug report, please visit:
#   http://bugreport.sun.com/bugreport/crash.jsp
# The crash happened outside the Java Virtual Machine in native code.
# See problematic frame for where to report the bug.
#

---------------  T H R E A D  ---------------

Current thread (0x0000000002b82800):  JavaThread "main" [_thread_in_native, id=3024, stack(0x0000000002a80000,0x0000000002b80000)]

siginfo: ExceptionCode=0xc0000005, reading address 0x0000000000000000

Registers:
RAX=0x0000000000000060, RBX=0x000000001fa86aa8, RCX=0x00000000217597b8, RDX=0xffffffffde8a6848
RSP=0x0000000002b7eef8, RBP=0x0000000000000001, RSI=0x0000000000000006, RDI=0x00000000217597b8
R8 =0x0000000000000060, R9 =0x0000000000000006, R10=0x0000000000000000, R11=0x00000000217597b8
R12=0x0000000000000000, R13=0x000000006c450000, R14=0x0000000000000000, R15=0x000000001fa86828
RIP=0x000000006d3efc70, EFLAGS=0x0000000000010283

Top of Stack: (sp=0x0000000002b7eef8)
0x0000000002b7eef8:   000000006cf53b6a 000000001c285d00
0x0000000002b7ef08:   0000000002b7f068 0000000000e78630
0x0000000002b7ef18:   000000006cdf279b 0000000002b82800
0x0000000002b7ef28:   0000000000000006 0000000000000000
0x0000000002b7ef38:   000000000003810b 000000001fa86828
0x0000000002b7ef48:   000000006cf54952 000000001fa86080
0x0000000002b7ef58:   0000000000000004 0000000000000000
0x0000000002b7ef68:   0000000002c95040 0000000002b82800
0x0000000002b7ef78:   0000000002b7f068 000000001c285d00
0x0000000002b7ef88:   0000000000000000 0000000002c87380
0x0000000002b7ef98:   0000000002c951ae 000000001c285d00
0x0000000002b7efa8:   0000000002b7f028 0000000000200021
0x0000000002b7efb8:   0000000002c94f25 0000000000000006
0x0000000002b7efc8:   000000006cea9100 0000000000200021
0x0000000002b7efd8:   0000000002b82800 0000000002c94edc
0x0000000002b7efe8:   0000000002b7efe8 000000001c285d00 

Instructions: (pc=0x000000006d3efc70)
0x000000006d3efc50:   29 41 c0 0f 29 49 d0 0f 10 44 0a e0 0f 10 4c 0a
0x000000006d3efc60:   f0 75 ad 0f 29 41 e0 49 83 e0 7f 0f 28 c1 eb 0c
0x000000006d3efc70:   0f 10 04 0a 48 83 c1 10 49 83 e8 10 4d 8b c8 49
0x000000006d3efc80:   c1 e9 04 74 1c 66 66 66 0f 1f 84 00 00 00 00 00 


Register to memory mapping:

RAX=0x0000000000000060 is an unknown value
RBX=0x000000001fa86aa8 is an unknown value
RCX=0x00000000217597b8 is an unknown value
RDX=0xffffffffde8a6848 is an unknown value
RSP=0x0000000002b7eef8 is pointing into the stack for thread: 0x0000000002b82800
RBP=0x0000000000000001 is an unknown value
RSI=0x0000000000000006 is an unknown value
RDI=0x00000000217597b8 is an unknown value
R8 =0x0000000000000060 is an unknown value
R9 =0x0000000000000006 is an unknown value
R10=0x0000000000000000 is an unknown value
R11=0x00000000217597b8 is an unknown value
R12=0x0000000000000000 is an unknown value
R13=0x000000006c450000 is an unknown value
R14=0x0000000000000000 is an unknown value
R15=0x000000001fa86828 is an unknown value


Stack: [0x0000000002a80000,0x0000000002b80000],  sp=0x0000000002b7eef8,  free space=1019k
Native frames: (J=compiled Java code, j=interpreted, Vv=VM code, C=native code)
C  [nvoglv64.DLL+0xf9fc70]
C  [nvoglv64.DLL+0xb03b6a]
C  [nvoglv64.DLL+0xb04952]
C  0x0000000002c951ae

Java frames: (J=compiled Java code, j=interpreted, Vv=VM code)
j  org.lwjgl.opengl.GL11.nglDrawArrays(IIIJ)V+0
j  org.lwjgl.opengl.GL11.glDrawArrays(III)V+20
j  main.Render.render(Lmain/RawModel;)V+14
j  EngineTester.MainGameLoop.main([Ljava/lang/String;)V+140
v  ~StubRoutines::call_stub

---------------  P R O C E S S  ---------------

Java Threads: ( => current thread )
  0x000000001e857800 JavaThread "Service Thread" daemon [_thread_blocked, id=6620, stack(0x000000001f1a0000,0x000000001f2a0000)]
  0x000000001e7cf800 JavaThread "C1 CompilerThread3" daemon [_thread_blocked, id=10420, stack(0x000000001f0a0000,0x000000001f1a0000)]
  0x000000001e7cc800 JavaThread "C2 CompilerThread2" daemon [_thread_blocked, id=19220, stack(0x000000001efa0000,0x000000001f0a0000)]
  0x000000001e7cb000 JavaThread "C2 CompilerThread1" daemon [_thread_blocked, id=6076, stack(0x000000001eea0000,0x000000001efa0000)]
  0x000000001e7c8000 JavaThread "C2 CompilerThread0" daemon [_thread_blocked, id=13264, stack(0x000000001eda0000,0x000000001eea0000)]
  0x000000001e7c6800 JavaThread "Attach Listener" daemon [_thread_blocked, id=1972, stack(0x000000001eca0000,0x000000001eda0000)]
  0x000000001e7c5800 JavaThread "Signal Dispatcher" daemon [_thread_blocked, id=12824, stack(0x000000001eba0000,0x000000001eca0000)]
  0x0000000002c79800 JavaThread "Finalizer" daemon [_thread_blocked, id=1116, stack(0x000000001e690000,0x000000001e790000)]
  0x000000001c7bb800 JavaThread "Reference Handler" daemon [_thread_blocked, id=19064, stack(0x000000001e590000,0x000000001e690000)]
=>0x0000000002b82800 JavaThread "main" [_thread_in_native, id=3024, stack(0x0000000002a80000,0x0000000002b80000)]

Other Threads:
  0x000000001c7b8800 VMThread [stack: 0x000000001e490000,0x000000001e590000] [id=24136]
  0x000000001e858800 WatcherThread [stack: 0x000000001f2a0000,0x000000001f3a0000] [id=19612]

VM state:not at safepoint (normal execution)

VM Mutex/Monitor currently owned by a thread: None

Heap:
 PSYoungGen      total 2560K, used 1368K [0x000000076ac00000, 0x000000076af00000, 0x00000007c0000000)
  eden space 2048K, 43% used [0x000000076ac00000,0x000000076acde368,0x000000076ae00000)
  from space 512K, 93% used [0x000000076ae80000,0x000000076aef8020,0x000000076af00000)
  to   space 512K, 0% used [0x000000076ae00000,0x000000076ae00000,0x000000076ae80000)
 ParOldGen       total 260608K, used 728K [0x00000006c0400000, 0x00000006d0280000, 0x000000076ac00000)
  object space 260608K, 0% used [0x00000006c0400000,0x00000006c04b6180,0x00000006d0280000)
 Metaspace       used 4355K, capacity 5627K, committed 5888K, reserved 1056768K
  class space    used 404K, capacity 456K, committed 512K, reserved 1048576K

Card table byte_map: [0x0000000012040000,0x0000000012840000] byte_map_base: 0x000000000ea3e000

Marking Bits: (ParMarkBitMap*) 0x000000006f1013b0
 Begin Bits: [0x00000000135a0000, 0x0000000017590000)
 End Bits:   [0x0000000017590000, 0x000000001b580000)

Polling page: 0x0000000000e60000

CodeCache: size=245760Kb used=1559Kb max_used=1563Kb free=244200Kb
 bounds [0x0000000002c80000, 0x0000000002ef0000, 0x0000000011c80000]
 total_blobs=584 nmethods=231 adapters=267
 compilation: enabled

Compilation events (10 events):
Event: 1.217 Thread 0x000000001e7cf800 nmethod 226 0x0000000002e00350 code [0x0000000002e004c0, 0x0000000002e00708]
Event: 1.218 Thread 0x000000001e7cc800 nmethod 222 0x0000000002e04410 code [0x0000000002e04560, 0x0000000002e047d8]
Event: 1.273 Thread 0x000000001e7cf800  227       1       java.lang.CharacterDataLatin1::getProperties (11 bytes)
Event: 1.273 Thread 0x000000001e7cf800 nmethod 227 0x0000000002dfffd0 code [0x0000000002e00120, 0x0000000002e00270]
Event: 1.274 Thread 0x000000001e7cf800  228       3       java.util.concurrent.ConcurrentHashMap::addCount (292 bytes)
Event: 1.275 Thread 0x000000001e7cf800 nmethod 228 0x0000000002dfeed0 code [0x0000000002dff0e0, 0x0000000002dffbe8]
Event: 1.275 Thread 0x000000001e7cb000  229       4       java.lang.String::startsWith (72 bytes)
Event: 1.275 Thread 0x000000001e7cf800  230       3       java.lang.StringBuilder::<init> (7 bytes)
Event: 1.275 Thread 0x000000001e7cf800 nmethod 230 0x0000000002e03ed0 code [0x0000000002e04040, 0x0000000002e042f0]
Event: 1.276 Thread 0x000000001e7cb000 nmethod 229 0x0000000002e03150 code [0x0000000002e032a0, 0x0000000002e033b8]

GC Heap History (8 events):
Event: 0.061 GC heap before
{Heap before GC invocations=1 (full 0):
 PSYoungGen      total 1024K, used 512K [0x000000076ac00000, 0x000000076ad80000, 0x00000007c0000000)
  eden space 512K, 100% used [0x000000076ac00000,0x000000076ac80000,0x000000076ac80000)
  from space 512K, 0% used [0x000000076ad00000,0x000000076ad00000,0x000000076ad80000)
  to   space 512K, 0% used [0x000000076ac80000,0x000000076ac80000,0x000000076ad00000)
 ParOldGen       total 260608K, used 0K [0x00000006c0400000, 0x00000006d0280000, 0x000000076ac00000)
  object space 260608K, 0% used [0x00000006c0400000,0x00000006c0400000,0x00000006d0280000)
 Metaspace       used 2515K, capacity 4480K, committed 4480K, reserved 1056768K
  class space    used 273K, capacity 384K, committed 384K, reserved 1048576K
Event: 0.061 GC heap after
Heap after GC invocations=1 (full 0):
 PSYoungGen      total 1024K, used 512K [0x000000076ac00000, 0x000000076ae00000, 0x00000007c0000000)
  eden space 512K, 0% used [0x000000076ac00000,0x000000076ac00000,0x000000076ac80000)
  from space 512K, 100% used [0x000000076ac80000,0x000000076ad00000,0x000000076ad00000)
  to   space 512K, 0% used [0x000000076ad80000,0x000000076ad80000,0x000000076ae00000)
 ParOldGen       total 260608K, used 16K [0x00000006c0400000, 0x00000006d0280000, 0x000000076ac00000)
  object space 260608K, 0% used [0x00000006c0400000,0x00000006c0404000,0x00000006d0280000)
 Metaspace       used 2515K, capacity 4480K, committed 4480K, reserved 1056768K
  class space    used 273K, capacity 384K, committed 384K, reserved 1048576K
}
Event: 0.079 GC heap before
{Heap before GC invocations=2 (full 0):
 PSYoungGen      total 1024K, used 1022K [0x000000076ac00000, 0x000000076ae00000, 0x00000007c0000000)
  eden space 512K, 99% used [0x000000076ac00000,0x000000076ac7f8b0,0x000000076ac80000)
  from space 512K, 100% used [0x000000076ac80000,0x000000076ad00000,0x000000076ad00000)
  to   space 512K, 0% used [0x000000076ad80000,0x000000076ad80000,0x000000076ae00000)
 ParOldGen       total 260608K, used 16K [0x00000006c0400000, 0x00000006d0280000, 0x000000076ac00000)
  object space 260608K, 0% used [0x00000006c0400000,0x00000006c0404000,0x00000006d0280000)
 Metaspace       used 2958K, capacity 4664K, committed 4864K, reserved 1056768K
  class space    used 319K, capacity 424K, committed 512K, reserved 1048576K
Event: 0.079 GC heap after
Heap after GC invocations=2 (full 0):
 PSYoungGen      total 1536K, used 512K [0x000000076ac00000, 0x000000076ae00000, 0x00000007c0000000)
  eden space 1024K, 0% used [0x000000076ac00000,0x000000076ac00000,0x000000076ad00000)
  from space 512K, 100% used [0x000000076ad80000,0x000000076ae00000,0x000000076ae00000)
  to   space 512K, 0% used [0x000000076ad00000,0x000000076ad00000,0x000000076ad80000)
 ParOldGen       total 260608K, used 120K [0x00000006c0400000, 0x00000006d0280000, 0x000000076ac00000)
  object space 260608K, 0% used [0x00000006c0400000,0x00000006c041e110,0x00000006d0280000)
 Metaspace       used 2958K, capacity 4664K, committed 4864K, reserved 1056768K
  class space    used 319K, capacity 424K, committed 512K, reserved 1048576K
}
Event: 1.133 GC heap before
{Heap before GC invocations=3 (full 0):
 PSYoungGen      total 1536K, used 1495K [0x000000076ac00000, 0x000000076ae00000, 0x00000007c0000000)
  eden space 1024K, 96% used [0x000000076ac00000,0x000000076acf5f50,0x000000076ad00000)
  from space 512K, 100% used [0x000000076ad80000,0x000000076ae00000,0x000000076ae00000)
  to   space 512K, 0% used [0x000000076ad00000,0x000000076ad00000,0x000000076ad80000)
 ParOldGen       total 260608K, used 120K [0x00000006c0400000, 0x00000006d0280000, 0x000000076ac00000)
  object space 260608K, 0% used [0x00000006c0400000,0x00000006c041e110,0x00000006d0280000)
 Metaspace       used 3489K, capacity 4856K, committed 5120K, reserved 1056768K
  class space    used 381K, capacity 424K, committed 512K, reserved 1048576K
Event: 1.133 GC heap after
Heap after GC invocations=3 (full 0):
 PSYoungGen      total 1536K, used 512K [0x000000076ac00000, 0x000000076af00000, 0x00000007c0000000)
  eden space 1024K, 0% used [0x000000076ac00000,0x000000076ac00000,0x000000076ad00000)
  from space 512K, 100% used [0x000000076ad00000,0x000000076ad80000,0x000000076ad80000)
  to   space 512K, 0% used [0x000000076ae80000,0x000000076ae80000,0x000000076af00000)
 ParOldGen       total 260608K, used 492K [0x00000006c0400000, 0x00000006d0280000, 0x000000076ac00000)
  object space 260608K, 0% used [0x00000006c0400000,0x00000006c047b2d0,0x00000006d0280000)
 Metaspace       used 3489K, capacity 4856K, committed 5120K, reserved 1056768K
  class space    used 381K, capacity 424K, committed 512K, reserved 1048576K
}
Event: 1.165 GC heap before
{Heap before GC invocations=4 (full 0):
 PSYoungGen      total 1536K, used 1536K [0x000000076ac00000, 0x000000076af00000, 0x00000007c0000000)
  eden space 1024K, 100% used [0x000000076ac00000,0x000000076ad00000,0x000000076ad00000)
  from space 512K, 100% used [0x000000076ad00000,0x000000076ad80000,0x000000076ad80000)
  to   space 512K, 0% used [0x000000076ae80000,0x000000076ae80000,0x000000076af00000)
 ParOldGen       total 260608K, used 492K [0x00000006c0400000, 0x00000006d0280000, 0x000000076ac00000)
  object space 260608K, 0% used [0x00000006c0400000,0x00000006c047b2d0,0x00000006d0280000)
 Metaspace       used 4129K, capacity 5499K, committed 5632K, reserved 1056768K
  class space    used 391K, capacity 456K, committed 512K, reserved 1048576K
Event: 1.166 GC heap after
Heap after GC invocations=4 (full 0):
 PSYoungGen      total 2560K, used 480K [0x000000076ac00000, 0x000000076af00000, 0x00000007c0000000)
  eden space 2048K, 0% used [0x000000076ac00000,0x000000076ac00000,0x000000076ae00000)
  from space 512K, 93% used [0x000000076ae80000,0x000000076aef8020,0x000000076af00000)
  to   space 512K, 0% used [0x000000076ae00000,0x000000076ae00000,0x000000076ae80000)
 ParOldGen       total 260608K, used 728K [0x00000006c0400000, 0x00000006d0280000, 0x000000076ac00000)
  object space 260608K, 0% used [0x00000006c0400000,0x00000006c04b6180,0x00000006d0280000)
 Metaspace       used 4129K, capacity 5499K, committed 5632K, reserved 1056768K
  class space    used 391K, capacity 456K, committed 512K, reserved 1048576K
}

Deoptimization events (0 events):
No events

Internal exceptions (10 events):
Event: 1.210 Thread 0x0000000002b82800 Exception <a 'java/security/PrivilegedActionException'> (0x000000076ac94f88) thrown at [D:\re\workspace\8-2-build-windows-amd64-cygwin\jdk8u5\2488\hotspot\src\share\vm\prims\jvm.cpp, line 1248]
Event: 1.217 Thread 0x0000000002b82800 Exception <a 'java/security/PrivilegedActionException'> (0x000000076aca36e8) thrown at [D:\re\workspace\8-2-build-windows-amd64-cygwin\jdk8u5\2488\hotspot\src\share\vm\prims\jvm.cpp, line 1248]
Event: 1.273 Thread 0x0000000002b82800 Exception <a 'java/security/PrivilegedActionException'> (0x000000076aca6870) thrown at [D:\re\workspace\8-2-build-windows-amd64-cygwin\jdk8u5\2488\hotspot\src\share\vm\prims\jvm.cpp, line 1248]
Event: 1.274 Thread 0x0000000002b82800 Exception <a 'java/security/PrivilegedActionException'> (0x000000076acabbd8) thrown at [D:\re\workspace\8-2-build-windows-amd64-cygwin\jdk8u5\2488\hotspot\src\share\vm\prims\jvm.cpp, line 1248]
Event: 1.275 Thread 0x0000000002b82800 Exception <a 'java/security/PrivilegedActionException'> (0x000000076acadf48) thrown at [D:\re\workspace\8-2-build-windows-amd64-cygwin\jdk8u5\2488\hotspot\src\share\vm\prims\jvm.cpp, line 1248]
Event: 1.275 Thread 0x0000000002b82800 Exception <a 'java/security/PrivilegedActionException'> (0x000000076acafd20) thrown at [D:\re\workspace\8-2-build-windows-amd64-cygwin\jdk8u5\2488\hotspot\src\share\vm\prims\jvm.cpp, line 1248]
Event: 1.275 Thread 0x0000000002b82800 Exception <a 'java/security/PrivilegedActionException'> (0x000000076acb1e40) thrown at [D:\re\workspace\8-2-build-windows-amd64-cygwin\jdk8u5\2488\hotspot\src\share\vm\prims\jvm.cpp, line 1248]
Event: 1.276 Thread 0x0000000002b82800 Exception <a 'java/security/PrivilegedActionException'> (0x000000076acb6f70) thrown at [D:\re\workspace\8-2-build-windows-amd64-cygwin\jdk8u5\2488\hotspot\src\share\vm\prims\jvm.cpp, line 1248]
Event: 1.278 Thread 0x0000000002b82800 Exception <a 'java/security/PrivilegedActionException'> (0x000000076acc0fd8) thrown at [D:\re\workspace\8-2-build-windows-amd64-cygwin\jdk8u5\2488\hotspot\src\share\vm\prims\jvm.cpp, line 1248]
Event: 1.280 Thread 0x0000000002b82800 Exception <a 'java/security/PrivilegedActionException'> (0x000000076acd8ab8) thrown at [D:\re\workspace\8-2-build-windows-amd64-cygwin\jdk8u5\2488\hotspot\src\share\vm\prims\jvm.cpp, line 1248]

Events (10 events):
Event: 1.275 loading class org/lwjgl/opengl/StateTracker$VAOState
Event: 1.275 loading class org/lwjgl/opengl/StateTracker$VAOState done
Event: 1.275 loading class org/lwjgl/opengl/GL15
Event: 1.275 loading class org/lwjgl/opengl/GL15 done
Event: 1.276 loading class org/lwjgl/opengl/GL20
Event: 1.276 loading class org/lwjgl/opengl/GL20 done
Event: 1.278 loading class org/lwjgl/opengl/GLChecks
Event: 1.278 loading class org/lwjgl/opengl/GLChecks done
Event: 1.280 loading class main/RawModel
Event: 1.280 loading class main/RawModel done


Dynamic libraries:
0x00007ff7ee8c0000 - 0x00007ff7ee8f4000 	C:\Program Files\Java\jdk1.8.0_05\bin\java.exe
0x00007ffee11d0000 - 0x00007ffee13ab000 	C:\WINDOWS\SYSTEM32\ntdll.dll
0x00007ffede710000 - 0x00007ffede7be000 	C:\WINDOWS\System32\KERNEL32.DLL
0x00007ffeddb50000 - 0x00007ffeddd99000 	C:\WINDOWS\System32\KERNELBASE.dll
0x00007ffee0e40000 - 0x00007ffee0ee1000 	C:\WINDOWS\System32\ADVAPI32.dll
0x00007ffedf2d0000 - 0x00007ffedf36d000 	C:\WINDOWS\System32\msvcrt.dll
0x00007ffeded70000 - 0x00007ffededc9000 	C:\WINDOWS\System32\sechost.dll
0x00007ffedeff0000 - 0x00007ffedf115000 	C:\WINDOWS\System32\RPCRT4.dll
0x00007ffee1080000 - 0x00007ffee11ca000 	C:\WINDOWS\System32\USER32.dll
0x00007ffeddb30000 - 0x00007ffeddb4e000 	C:\WINDOWS\System32\win32u.dll
0x00007ffede7c0000 - 0x00007ffede7e7000 	C:\WINDOWS\System32\GDI32.dll
0x00007ffedd9a0000 - 0x00007ffeddb28000 	C:\WINDOWS\System32\gdi32full.dll
0x00007ffeddda0000 - 0x00007ffedde3a000 	C:\WINDOWS\System32\msvcp_win.dll
0x00007ffeddea0000 - 0x00007ffeddf96000 	C:\WINDOWS\System32\ucrtbase.dll
0x00007ffecf310000 - 0x00007ffecf577000 	C:\WINDOWS\WinSxS\amd64_microsoft.windows.common-controls_6595b64144ccf1df_6.0.15063.0_none_108e4f62dfe5d999\COMCTL32.dll
0x00007ffede900000 - 0x00007ffedebf9000 	C:\WINDOWS\System32\combase.dll
0x00007ffeddfa0000 - 0x00007ffede00a000 	C:\WINDOWS\System32\bcryptPrimitives.dll
0x00007ffee0f60000 - 0x00007ffee0f8d000 	C:\WINDOWS\System32\IMM32.DLL
0x000000006f470000 - 0x000000006f542000 	C:\Program Files\Java\jdk1.8.0_05\jre\bin\msvcr100.dll
0x000000006e950000 - 0x000000006f17a000 	C:\Program Files\Java\jdk1.8.0_05\jre\bin\server\jvm.dll
0x00007ffede8f0000 - 0x00007ffede8f8000 	C:\WINDOWS\System32\PSAPI.DLL
0x00007ffed6030000 - 0x00007ffed6039000 	C:\WINDOWS\SYSTEM32\WSOCK32.dll
0x00007ffed6c10000 - 0x00007ffed6c33000 	C:\WINDOWS\SYSTEM32\WINMM.dll
0x00007ffee0ff0000 - 0x00007ffee105c000 	C:\WINDOWS\System32\WS2_32.dll
0x00007ffed6be0000 - 0x00007ffed6c0b000 	C:\WINDOWS\SYSTEM32\winmmbase.dll
0x00007ffedd780000 - 0x00007ffedd7c9000 	C:\WINDOWS\System32\cfgmgr32.dll
0x0000000071220000 - 0x000000007122f000 	C:\Program Files\Java\jdk1.8.0_05\jre\bin\verify.dll
0x00000000711f0000 - 0x0000000071218000 	C:\Program Files\Java\jdk1.8.0_05\jre\bin\java.dll
0x000000006e930000 - 0x000000006e946000 	C:\Program Files\Java\jdk1.8.0_05\jre\bin\zip.dll
0x00007ffedf540000 - 0x00007ffee0977000 	C:\WINDOWS\System32\SHELL32.dll
0x00007ffededd0000 - 0x00007ffedee7a000 	C:\WINDOWS\System32\shcore.dll
0x00007ffede010000 - 0x00007ffede702000 	C:\WINDOWS\System32\windows.storage.dll
0x00007ffee0ef0000 - 0x00007ffee0f41000 	C:\WINDOWS\System32\shlwapi.dll
0x00007ffedd6b0000 - 0x00007ffedd6c1000 	C:\WINDOWS\System32\kernel.appcore.dll
0x00007ffedd620000 - 0x00007ffedd66c000 	C:\WINDOWS\System32\powrprof.dll
0x00007ffedd690000 - 0x00007ffedd6a5000 	C:\WINDOWS\System32\profapi.dll
0x0000000180000000 - 0x0000000180053000 	C:\Users\PC\Documents\NetBeansProjects\CompGraficaI\Jogo\lwjgl64.dll
0x00007ffec3410000 - 0x00007ffec3531000 	C:\WINDOWS\SYSTEM32\OPENGL32.dll
0x00007ffed9e10000 - 0x00007ffed9e1a000 	C:\WINDOWS\SYSTEM32\VERSION.dll
0x00007ffecc760000 - 0x00007ffecc78c000 	C:\WINDOWS\SYSTEM32\GLU32.dll
0x00007ffedc0f0000 - 0x00007ffedc185000 	C:\WINDOWS\system32\uxtheme.dll
0x00007ffedee80000 - 0x00007ffedefe6000 	C:\WINDOWS\System32\MSCTF.dll
0x00007ffedf370000 - 0x00007ffedf430000 	C:\WINDOWS\System32\OLEAUT32.dll
0x00007ffec90e0000 - 0x00007ffec9181000 	C:\Program Files\Common Files\microsoft shared\ink\tiptsf.dll
0x00007ffedbb00000 - 0x00007ffedbb2a000 	C:\WINDOWS\system32\dwmapi.dll
0x000000006c450000 - 0x000000006e64b000 	C:\WINDOWS\SYSTEM32\nvoglv64.DLL
0x00007ffee0a00000 - 0x00007ffee0e3b000 	C:\WINDOWS\System32\SETUPAPI.dll
0x00007ffeda760000 - 0x00007ffeda773000 	C:\WINDOWS\SYSTEM32\WTSAPI32.dll
0x00007ffedc190000 - 0x00007ffedc1b8000 	C:\WINDOWS\SYSTEM32\DEVOBJ.dll
0x00007ffedde40000 - 0x00007ffedde96000 	C:\WINDOWS\System32\WINTRUST.dll
0x00007ffedd670000 - 0x00007ffedd681000 	C:\WINDOWS\System32\MSASN1.dll
0x00007ffedd7d0000 - 0x00007ffedd999000 	C:\WINDOWS\System32\CRYPT32.dll
0x00007ffedc920000 - 0x00007ffedc951000 	C:\WINDOWS\SYSTEM32\ntmarta.dll
0x00007ffecd6c0000 - 0x00007ffecd895000 	C:\WINDOWS\system32\nvspcap64.dll
0x00007ffedec20000 - 0x00007ffeded65000 	C:\WINDOWS\System32\ole32.dll
0x00007ffed8b70000 - 0x00007ffed8c47000 	C:\WINDOWS\SYSTEM32\WINHTTP.dll
0x00007ffecd8a0000 - 0x00007ffecdcc9000 	C:\WINDOWS\system32\nvapi64.dll
0x00007ffedc490000 - 0x00007ffedc534000 	C:\WINDOWS\SYSTEM32\dxgi.dll
0x00007ffed40d0000 - 0x00007ffed4152000 	C:\WINDOWS\System32\TextInputFramework.dll
0x00007ffec9840000 - 0x00007ffec9b12000 	C:\WINDOWS\System32\CoreUIComponents.dll
0x00007ffedaf50000 - 0x00007ffedb033000 	C:\WINDOWS\System32\CoreMessaging.dll
0x00007ffed97e0000 - 0x00007ffed97f5000 	C:\WINDOWS\SYSTEM32\usermgrcli.dll
0x00007ffed95c0000 - 0x00007ffed96f9000 	C:\WINDOWS\SYSTEM32\wintypes.dll
0x00007ffed44e0000 - 0x00007ffed4573000 	C:\WINDOWS\SYSTEM32\mscms.dll
0x00007ffedd520000 - 0x00007ffedd549000 	C:\WINDOWS\SYSTEM32\USERENV.dll
0x00007ffec4f20000 - 0x00007ffec4f61000 	C:\WINDOWS\SYSTEM32\icm32.dll
0x00007ffede7f0000 - 0x00007ffede88e000 	C:\WINDOWS\System32\clbcatq.dll
0x00007ffec6de0000 - 0x00007ffec6fa5000 	C:\Windows\System32\uiautomationcore.dll
0x00007ffedd480000 - 0x00007ffedd51a000 	C:\WINDOWS\SYSTEM32\sxs.dll
0x00007ffeccce0000 - 0x00007ffeccd4b000 	C:\Windows\System32\OLEACC.dll
0x00007ffedd0d0000 - 0x00007ffedd125000 	C:\WINDOWS\SYSTEM32\WINSTA.dll
0x00007ffed8dc0000 - 0x00007ffed8f69000 	C:\WINDOWS\SYSTEM32\dbghelp.dll

VM Arguments:
jvm_args: -Dfile.encoding=UTF-8 
java_command: EngineTester.MainGameLoop
java_class_path (initial): C:\Users\PC\Documents\NetBeansProjects\CompGraficaI\Jogo\Libs\lwjgl.jar;C:\Users\PC\Documents\NetBeansProjects\CompGraficaI\Jogo\Libs\lwjgl_util.jar;C:\Users\PC\Documents\NetBeansProjects\CompGraficaI\Jogo\Libs\slick-util.jar;C:\Users\PC\Documents\NetBeansProjects\CompGraficaI\Jogo\build\classes
Launcher Type: SUN_STANDARD

Environment Variables:
JAVA_HOME=C:\Program Files\Java\jdk1.8.0_05
CLASSPATH=.;C:\Program Files\Java\jdk1.8.0_05\lib\tools.jar
PATH=
[error occurred during error reporting (printing environment variables), id 0xc0000005]



---------------  S Y S T E M  ---------------

OS: Windows 8.1 , 64 bit Build 9600 

CPU:total 8 (4 cores per cpu, 2 threads per core) family 6 model 42 stepping 7, cmov, cx8, fxsr, mmx, sse, sse2, sse3, ssse3, sse4.1, sse4.2, popcnt, avx, aes, clmul, ht, tsc, tscinvbit

Memory: 4k page, physical 16759924k(9794120k free), swap 33537140k(22588580k free)

vm_info: Java HotSpot(TM) 64-Bit Server VM (25.5-b02) for windows-amd64 JRE (1.8.0_05-b13), built on Mar 18 2014 01:08:39 by "java_re" with MS VC++ 10.0 (VS2010)

time: Sun Jun 25 02:23:59 2017
elapsed time: 1 seconds

